Arguments: 
  /usr/local/bin/node /opt/homebrew/bin/yarn add typescript ts-node-dev express @type/express

PATH: 
  /opt/homebrew/opt/node@16/bin:/usr/local/bin:/usr/local/sbin:/Users/vinay/bin:/usr/local/bin:/System/Cryptexes/App/usr/bin:/usr/bin:/bin:/usr/sbin:/sbin:/opt/homebrew/bin:/opt/homebrew/bin

Yarn version: 
  1.22.19

Node version: 
  20.10.0

Platform: 
  darwin arm64

Trace: 
  Error: https://registry.yarnpkg.com/@type%2fexpress: Not found
      at params.callback [as _callback] (/opt/homebrew/lib/node_modules/yarn/lib/cli.js:66145:18)
      at self.callback (/opt/homebrew/lib/node_modules/yarn/lib/cli.js:140890:22)
      at Request.emit (node:events:514:28)
      at Request.<anonymous> (/opt/homebrew/lib/node_modules/yarn/lib/cli.js:141862:10)
      at Request.emit (node:events:514:28)
      at IncomingMessage.<anonymous> (/opt/homebrew/lib/node_modules/yarn/lib/cli.js:141784:12)
      at Object.onceWrapper (node:events:628:28)
      at IncomingMessage.emit (node:events:526:35)
      at endReadableNT (node:internal/streams/readable:1589:12)
      at process.processTicksAndRejections (node:internal/process/task_queues:82:21)

npm manifest: 
  {
    "name": "auth",
    "version": "1.0.0",
    "description": "",
    "main": "index.js",
    "scripts": {
      "test": "echo \"Error: no test specified\" && exit 1"
    },
    "keywords": [],
    "author": "",
    "license": "ISC"
  }

yarn manifest: 
  No manifest

Lockfile: 
  No lockfile
